<?xml version="1.0" encoding="UTF-8"?>
<!-- Generated by org.testng.reporters.JUnitReportReporter -->
<testsuite hostname="Dada" failures="0" tests="1" name="com.DemoWebshop_Registration" time="2.588" errors="0" timestamp="2023-10-30T21:44:28 IST" skipped="0">
  <testcase classname="com.DemoWebshop_Registration" name="Registration" time="2.588"/>
  <system-out/>
</testsuite> <!-- com.DemoWebshop_Registration -->
